PGM4-WallpaperChangeApp/app/build/intermediates/manifest_merge_blame_file/debug/manifest-merger-blame-debug-report.txt
1<?xml version="1.0" encoding="utf-8"?>
2<manifest xmlns:android="http://schemas.android.com/apk/res/android"
3    package="com.divyansh.wallpaperchangeapp"
4    android:versionCode="1"
5    android:versionName="1.0" >
6
7    <uses-sdk
8        android:minSdkVersion="23"
8-->src\main\AndroidManifest.xml
9        android:targetSdkVersion="32" />
9-->src\main\AndroidManifest.xml
10
11    <uses-permission android:name="android.permission.SET_WALLPAPER" />
11-->src\main\AndroidManifest.xml:6:5-72
11-->src\main\AndroidManifest.xml:6:22-69
12
13    <application
13-->src\main\AndroidManifest.xml:7:5-26:19
14        android:allowBackup="true"
14-->src\main\AndroidManifest.xml:8:9-35
15        android:appComponentFactory="androidx.core.app.CoreComponentFactory"
15-->[androidx.core:core:1.7.0] AndroidManifest.xml:24:18-86
16        android:dataExtractionRules="@xml/data_extraction_rules"
16-->src\main\AndroidManifest.xml:9:9-65
17        android:debuggable="true"
18        android:extractNativeLibs="false"
19        android:fullBackupContent="@xml/backup_rules"
19-->src\main\AndroidManifest.xml:10:9-54
20        android:icon="@mipmap/wall_icon"
20-->src\main\AndroidManifest.xml:11:9-41
21        android:label="@string/app_name"
21-->src\main\AndroidManifest.xml:12:9-41
22        android:roundIcon="@mipmap/wall_icon_round"
22-->src\main\AndroidManifest.xml:13:9-52
23        android:supportsRtl="true"
23-->src\main\AndroidManifest.xml:14:9-35
24        android:testOnly="true"
25        android:theme="@style/Theme.WallpaperChangeApp" >
25-->src\main\AndroidManifest.xml:15:9-56
26        <activity
26-->src\main\AndroidManifest.xml:17:9-25:20
27            android:name="com.divyansh.wallpaperchangeapp.MainActivity"
27-->src\main\AndroidManifest.xml:18:13-41
28            android:exported="true" >
28-->src\main\AndroidManifest.xml:19:13-36
29            <intent-filter>
29-->src\main\AndroidManifest.xml:20:13-24:29
30                <action android:name="android.intent.action.MAIN" />
30-->src\main\AndroidManifest.xml:21:17-69
30-->src\main\AndroidManifest.xml:21:25-66
31
32                <category android:name="android.intent.category.LAUNCHER" />
32-->src\main\AndroidManifest.xml:23:17-77
32-->src\main\AndroidManifest.xml:23:27-74
33            </intent-filter>
34        </activity>
35
36        <provider
36-->[androidx.emoji2:emoji2:1.0.0] AndroidManifest.xml:26:9-34:20
37            android:name="androidx.startup.InitializationProvider"
37-->[androidx.emoji2:emoji2:1.0.0] AndroidManifest.xml:27:13-67
38            android:authorities="com.divyansh.wallpaperchangeapp.androidx-startup"
38-->[androidx.emoji2:emoji2:1.0.0] AndroidManifest.xml:28:13-68
39            android:exported="false" >
39-->[androidx.emoji2:emoji2:1.0.0] AndroidManifest.xml:29:13-37
40            <meta-data
40-->[androidx.emoji2:emoji2:1.0.0] AndroidManifest.xml:31:13-33:52
41                android:name="androidx.emoji2.text.EmojiCompatInitializer"
41-->[androidx.emoji2:emoji2:1.0.0] AndroidManifest.xml:32:17-75
42                android:value="androidx.startup" />
42-->[androidx.emoji2:emoji2:1.0.0] AndroidManifest.xml:33:17-49
43            <meta-data
43-->[androidx.lifecycle:lifecycle-process:2.4.0] AndroidManifest.xml:31:13-33:52
44                android:name="androidx.lifecycle.ProcessLifecycleInitializer"
44-->[androidx.lifecycle:lifecycle-process:2.4.0] AndroidManifest.xml:32:17-78
45                android:value="androidx.startup" />
45-->[androidx.lifecycle:lifecycle-process:2.4.0] AndroidManifest.xml:33:17-49
46        </provider>
47    </application>
48
49</manifest>